I, [2014-05-11T20:51:28.329108 #22430]  INFO -- : soda    |   2    |   1000    |   0
I, [2014-05-11T21:48:14.290876 #22430]  INFO -- : soda    |   2    |   1000    |   0
I, [2014-05-11T21:51:08.385996 #22430]  INFO -- : sweets    |   23    |   100    |   2300
I, [2014-05-11T21:52:20.983619 #22430]  INFO -- : bread    |   23    |   3300    |   75900
I, [2014-05-12T14:59:59.336890 #3147]  INFO -- : soda    |   4    |   1000    |   4000
I, [2014-05-27T17:39:12.252361 #2874]  INFO -- : soda    |   3    |   1000    |   3000
I, [2014-05-27T17:39:25.915180 #2874]  INFO -- : bread    |   2    |   3300    |   6600
I, [2014-06-06T10:37:23.190307 #5400]  INFO -- : sugar    |   2    |   2400    |   4800
I, [2014-06-06T11:06:01.370728 #5400]  INFO -- : sugar    |   1    |   2400    |   2400
I, [2014-06-06T11:06:16.581665 #5400]  INFO -- : soda    |   3    |   1000    |   3000
I, [2014-06-10T13:14:03.893723 #2807]  INFO -- : soda    |   5    |   1000    |   5000
I, [2014-06-10T13:24:14.492877 #2807]  INFO -- : bread    |   1    |   3300    |   3300
I, [2014-06-10T13:27:44.604479 #2807]  INFO -- : sweets    |   5    |   100    |   500
I, [2014-06-11T01:55:05.215652 #8705]  INFO -- : soda    |   3    |   1000    |   3000
I, [2014-06-11T13:10:34.351673 #6304]  INFO -- : soda    |   2    |   1000    |   2000
I, [2014-06-12T15:22:19.215405 #3225]  INFO -- : soda    |   2    |   1000    |   2000
I, [2014-06-12T15:58:41.202278 #3225]  INFO -- : sweets    |   20    |   100    |   2000
I, [2014-06-17T12:44:26.950664 #2767]  INFO -- : soda    |   1    |   1000    |   1000
I, [2014-06-17T12:53:54.990900 #4033]  INFO -- : sweets    |   3    |   100    |   300
I, [2014-06-21T15:08:38.959993 #2854]  INFO -- : soda    |   2    |   1000    |   2000
I, [2014-06-23T10:22:49.327569 #3822]  INFO -- : sweets    |   4    |   100    |   400
I, [2014-06-30T10:09:30.057439 #3649]  INFO -- : soda    |   1    |   1000    |   1000
I, [2014-06-30T10:33:34.659942 #5182]  INFO -- : soda    |   3    |   1000    |   3000
I, [2014-06-30T11:36:50.992845 #8246]  INFO -- : sweets    |   50    |   100    |   5000
I, [2014-07-07T13:17:52.742573 #2854]  INFO -- : sweets    |   3    |   100    |   300
I, [2014-07-07T04:42:55.549200 #2751]  INFO -- : soda    |   2    |   1000    |   2000
I, [2014-07-07T04:43:24.601303 #2751]  INFO -- : sweets    |   3    |   100    |   300
I, [2014-07-08T02:50:11.217115 #2931]  INFO -- : sweets    |   1    |   100    |   100
I, [2014-07-09T05:55:45.374423 #2992]  INFO -- : sweets    |   2    |   100    |   200
I, [2014-07-20T14:43:40.546606 #6357]  INFO -- : soda    |   1    |   1000    |   1000
I, [2014-07-20T14:45:54.306550 #12036]  INFO -- : sweets    |   2    |   100    |   200
I, [2014-07-20T14:46:57.794484 #12036]  INFO -- : sweets    |   2    |   100    |   200
I, [2014-07-20T14:48:01.154279 #12036]  INFO -- : sweets    |   2    |   100    |   200
I, [2014-07-20T14:53:08.205621 #2940]  INFO -- : soda    |   2    |   1000    |   2000
I, [2014-07-20T14:57:23.290578 #2940]  INFO -- : soda    |   1    |   1000    |   1000
I, [2014-07-20T15:14:17.995817 #2940]  INFO -- : sweets    |   2    |   100    |   200
I, [2014-07-20T15:14:34.284207 #2940]  INFO -- : sweets    |   2    |   100    |   200
I, [2014-07-20T15:15:42.586451 #2940]  INFO -- : soda    |   2    |   1000    |   2000
I, [2014-07-20T15:16:59.686489 #2940]  INFO -- : sweets    |       |   100    |   0
I, [2014-07-20T15:26:44.001218 #2940]  INFO -- : soda    |   1    |   1000    |   1000
I, [2014-07-20T15:47:53.528090 #2940]  INFO -- : sweets    |   3    |   100    |   300
